<?xml version="1.0" encoding="UTF-8"?>
<!-- Generated by org.testng.reporters.JUnitReportReporter -->
<testsuite hostname="DESKTOP-SKKL0AF" failures="0" tests="3" name="TestRun.TestRunner" time="48.387" errors="0" timestamp="06 Apr 2023 09:06:39 GMT" skipped="0">
  <testcase classname="TestRun.TestRunner" name="runScenario" time="17.261"/>
  <testcase classname="TestRun.TestRunner" name="runScenario" time="14.369"/>
  <testcase classname="TestRun.TestRunner" name="runScenario" time="16.757"/>
</testsuite> <!-- TestRun.TestRunner -->
